Using pre-set license
Built from '2021.3/staging' branch; Version is '2021.3.34f1 (25266724e7bd) revision 2434663'; Using compiler version '192829333'; Build Type 'Release'
OS: 'Windows 11  (10.0.22631) 64bit CoreSingleLanguage' Language: 'en' Physical Memory: 16121 MB
BatchMode: 1, IsHumanControllingUs: 0, StartBugReporterOnCrash: 0, Is64bit: 1, IsPro: 1

COMMAND LINE ARGUMENTS:
C:\Program Files\Unity Hub\Hub\Editor\2021.3.34f1\Editor\Unity.exe
-adb2
-batchMode
-noUpm
-name
AssetImportWorker3
-projectPath
E:/Github/FruitNinja
-logFile
Logs/AssetImportWorker3.log
-srvPort
49931
Successfully changed project path to: E:/Github/FruitNinja
E:/Github/FruitNinja
[UnityMemory] Configuration Parameters - Can be set up in boot.config
    "memorysetup-bucket-allocator-granularity=16"
    "memorysetup-bucket-allocator-bucket-count=8"
    "memorysetup-bucket-allocator-block-size=33554432"
    "memorysetup-bucket-allocator-block-count=8"
    "memorysetup-main-allocator-block-size=16777216"
    "memorysetup-thread-allocator-block-size=16777216"
    "memorysetup-gfx-main-allocator-block-size=16777216"
    "memorysetup-gfx-thread-allocator-block-size=16777216"
    "memorysetup-cache-allocator-block-size=4194304"
    "memorysetup-typetree-allocator-block-size=2097152"
    "memorysetup-profiler-bucket-allocator-granularity=16"
    "memorysetup-profiler-bucket-allocator-bucket-count=8"
    "memorysetup-profiler-bucket-allocator-block-size=33554432"
    "memorysetup-profiler-bucket-allocator-block-count=8"
    "memorysetup-profiler-allocator-block-size=16777216"
    "memorysetup-profiler-editor-allocator-block-size=1048576"
    "memorysetup-temp-allocator-size-main=16777216"
    "memorysetup-job-temp-allocator-block-size=2097152"
    "memorysetup-job-temp-allocator-block-size-background=1048576"
    "memorysetup-job-temp-allocator-reduction-small-platforms=262144"
    "memorysetup-temp-allocator-size-background-worker=32768"
    "memorysetup-temp-allocator-size-job-worker=262144"
    "memorysetup-temp-allocator-size-preload-manager=33554432"
    "memorysetup-temp-allocator-size-nav-mesh-worker=65536"
    "memorysetup-temp-allocator-size-audio-worker=65536"
    "memorysetup-temp-allocator-size-cloud-worker=32768"
    "memorysetup-temp-allocator-size-gi-baking-worker=262144"
    "memorysetup-temp-allocator-size-gfx=262144"
Player connection [12124] Host "[IP] 192.168.79.187 [Port] 0 [Flags] 2 [Guid] 3440522820 [EditorId] 3440522820 [Version] 1048832 [Id] WindowsEditor(7,LAPTOP-DGTD0PHO) [Debug] 1 [PackageName] WindowsEditor [ProjectName] Editor" joined multi-casting on [225.0.0.222:54997]...

Player connection [12124] Host "[IP] 192.168.79.187 [Port] 0 [Flags] 2 [Guid] 3440522820 [EditorId] 3440522820 [Version] 1048832 [Id] WindowsEditor(7,LAPTOP-DGTD0PHO) [Debug] 1 [PackageName] WindowsEditor [ProjectName] Editor" joined alternative multi-casting on [225.0.0.222:34997]...

[Physics::Module] Initialized MultithreadedJobDispatcher with {0} workers.
Refreshing native plugins compatible for Editor in 60.69 ms, found 3 plugins.
Preloading 0 native plugins for Editor in 0.00 ms.
Initialize engine version: 2021.3.34f1 (25266724e7bd)
[Subsystems] Discovering subsystems at path C:/Program Files/Unity Hub/Hub/Editor/2021.3.34f1/Editor/Data/Resources/UnitySubsystems
[Subsystems] Discovering subsystems at path E:/Github/FruitNinja/Assets
GfxDevice: creating device client; threaded=0; jobified=0
Direct3D:
    Version:  Direct3D 11.0 [level 11.1]
    Renderer: NVIDIA GeForce RTX 2050 (ID=0x25ad)
    Vendor:   NVIDIA
    VRAM:     3964 MB
    Driver:   31.0.15.5123
Initialize mono
Mono path[0] = 'C:/Program Files/Unity Hub/Hub/Editor/2021.3.34f1/Editor/Data/Managed'
Mono path[1] = 'C:/Program Files/Unity Hub/Hub/Editor/2021.3.34f1/Editor/Data/MonoBleedingEdge/lib/mono/unityjit-win32'
Mono config path = 'C:/Program Files/Unity Hub/Hub/Editor/2021.3.34f1/Editor/Data/MonoBleedingEdge/etc'
Using monoOptions --debugger-agent=transport=dt_socket,embedding=1,server=y,suspend=n,address=127.0.0.1:56772
Begin MonoManager ReloadAssembly
Registering precompiled unity dll's ...
Register platform support module: C:/Program Files/Unity Hub/Hub/Editor/2021.3.34f1/Editor/Data/PlaybackEngines/WebGLSupport/UnityEditor.WebGL.Extensions.dll
Register platform support module: C:/Program Files/Unity Hub/Hub/Editor/2021.3.34f1/Editor/Data/PlaybackEngines/AndroidPlayer/UnityEditor.Android.Extensions.dll
Register platform support module: C:/Program Files/Unity Hub/Hub/Editor/2021.3.34f1/Editor/Data/PlaybackEngines/WindowsStandaloneSupport/UnityEditor.WindowsStandalone.Extensions.dll
Register platform support module: C:/Program Files/Unity Hub/Hub/Editor/2021.3.34f1/Editor/Data/PlaybackEngines/MetroSupport/UnityEditor.UWP.Extensions.dll
Registered in 0.006924 seconds.
Native extension for UWP target not found
Native extension for WindowsStandalone target not found
Native extension for Android target not found
Android Extension - Scanning For ADB Devices 188 ms
Native extension for WebGL target not found
Refreshing native plugins compatible for Editor in 57.22 ms, found 3 plugins.
Preloading 0 native plugins for Editor in 0.00 ms.
Mono: successfully reloaded assembly
- Completed reload, in  0.808 seconds
Domain Reload Profiling:
	ReloadAssembly (809ms)
		BeginReloadAssembly (87ms)
			ExecutionOrderSort (0ms)
			DisableScriptedObjects (0ms)
			BackupInstance (0ms)
			ReleaseScriptingObjects (0ms)
			CreateAndSetChildDomain (1ms)
		EndReloadAssembly (633ms)
			LoadAssemblies (86ms)
			RebuildTransferFunctionScriptingTraits (0ms)
			SetupTypeCache (100ms)
			ReleaseScriptCaches (0ms)
			RebuildScriptCaches (25ms)
			SetupLoadedEditorAssemblies (472ms)
				LogAssemblyErrors (0ms)
				InitializePlatformSupportModulesInManaged (304ms)
				SetLoadedEditorAssemblies (0ms)
				RefreshPlugins (57ms)
				BeforeProcessingInitializeOnLoad (1ms)
				ProcessInitializeOnLoadAttributes (75ms)
				ProcessInitializeOnLoadMethodAttributes (35ms)
				AfterProcessingInitializeOnLoad (0ms)
				EditorAssembliesLoaded (0ms)
			ExecutionOrderSort2 (0ms)
			AwakeInstancesAfterBackupRestoration (0ms)
Platform modules already initialized, skipping
Registering precompiled user dll's ...
Registered in 0.002543 seconds.
Begin MonoManager ReloadAssembly
Native extension for UWP target not found
Native extension for WindowsStandalone target not found
Native extension for Android target not found
Native extension for WebGL target not found
Refreshing native plugins compatible for Editor in 0.44 ms, found 3 plugins.
Preloading 0 native plugins for Editor in 0.00 ms.
Package Manager log level set to [2]
[Package Manager] Server::EnsureServerProcessIsRunning -- launch failed, reason: Unity was launched with the -noUpm command-line argument
[Package Manager] Cannot connect to Unity Package Manager local server
Mono: successfully reloaded assembly
- Completed reload, in  1.332 seconds
Domain Reload Profiling:
	ReloadAssembly (1332ms)
		BeginReloadAssembly (107ms)
			ExecutionOrderSort (0ms)
			DisableScriptedObjects (5ms)
			BackupInstance (0ms)
			ReleaseScriptingObjects (0ms)
			CreateAndSetChildDomain (18ms)
		EndReloadAssembly (1138ms)
			LoadAssemblies (77ms)
			RebuildTransferFunctionScriptingTraits (0ms)
			SetupTypeCache (224ms)
			ReleaseScriptCaches (1ms)
			RebuildScriptCaches (43ms)
			SetupLoadedEditorAssemblies (783ms)
				LogAssemblyErrors (0ms)
				InitializePlatformSupportModulesInManaged (19ms)
				SetLoadedEditorAssemblies (0ms)
				RefreshPlugins (0ms)
				BeforeProcessingInitializeOnLoad (63ms)
				ProcessInitializeOnLoadAttributes (676ms)
				ProcessInitializeOnLoadMethodAttributes (18ms)
				AfterProcessingInitializeOnLoad (6ms)
				EditorAssembliesLoaded (0ms)
			ExecutionOrderSort2 (0ms)
			AwakeInstancesAfterBackupRestoration (4ms)
Platform modules already initialized, skipping
========================================================================
Worker process is ready to serve import requests
Launched and connected shader compiler UnityShaderCompiler.exe after 0.03 seconds
Refreshing native plugins compatible for Editor in 0.56 ms, found 3 plugins.
Preloading 0 native plugins for Editor in 0.00 ms.
Unloading 3074 Unused Serialized files (Serialized files now loaded: 0)
Unloading 23 unused Assets / (46.4 KB). Loaded Objects now: 3539.
Memory consumption went from 113.5 MB to 113.4 MB.
Total: 3.113000 ms (FindLiveObjects: 0.226000 ms CreateObjectMapping: 0.082900 ms MarkObjects: 2.730100 ms  DeleteObjects: 0.072800 ms)

AssetImportParameters requested are different than current active one (requested -> active):
  custom:video-decoder-ogg-theora: a1e56fd34408186e4bbccfd4996cb3dc -> 
  custom:container-muxer-webm: aa71ff27fc2769a1b78a27578f13a17b -> 
  custom:container-demuxer-webm: 4f35f7cbe854078d1ac9338744f61a02 -> 
  custom:video-encoder-webm-vp8: eb34c28f22e8b96e1ab97ce403110664 -> 
  custom:video-codec-MediaFoundation-h265: 746d11721c4dcdbdad8f713fa42b33f4 -> 
  custom:CustomObjectIndexerAttribute: bc11b3a6c3213fcdd17b65e7da85e133 -> 
  custom:audio-encoder-webm-vorbis: bf7c407c2cedff20999df2af8eb42d56 -> 
  custom:framework-win-MediaFoundation: 216162199b28c13a410421893ffa2e32 -> 
  custom:SearchIndexIgnoredProperties: e643bd26f0fe6173181afceb89e7c659 -> 
  custom:container-demuxer-ogg: 62fdf1f143b41e24485cea50d1cbac27 -> 
  custom:video-decoder-webm-vp8: 9c59270c3fd7afecdb556c50c9e8de78 -> 
  custom:audio-decoder-ogg-vorbis: bf7c407c2cedff20999df2af8eb42d56 -> 
========================================================================
Received Import Request.
  Time since last request: 2157.013348 seconds.
  path: Assets/Prefabs/Kiwi.prefab
  artifactKey: Guid(daf5bf23bf88e9548bb88bb82234b4a0) Importer(815301076,1909f56bfc062723c751e8b465ee728b)
Number of updated assets reloaded before import = 0
Start importing Assets/Prefabs/Kiwi.prefab using Guid(daf5bf23bf88e9548bb88bb82234b4a0) Importer(815301076,1909f56bfc062723c751e8b465ee728b)  -> (artifact id: '696682a17f716669a5dd3f47c8f70aec') in 0.097796 seconds 
Number of asset objects unloaded after import = 83
========================================================================
Received Import Request.
  Time since last request: 26.172185 seconds.
  path: Assets/Prefabs/Kiwi.prefab
  artifactKey: Guid(daf5bf23bf88e9548bb88bb82234b4a0) Importer(815301076,1909f56bfc062723c751e8b465ee728b)
Number of updated assets reloaded before import = 0
Start importing Assets/Prefabs/Kiwi.prefab using Guid(daf5bf23bf88e9548bb88bb82234b4a0) Importer(815301076,1909f56bfc062723c751e8b465ee728b)  -> (artifact id: '828cfb784f735ba7e6122e26102bdfe7') in 0.025380 seconds 
Number of asset objects unloaded after import = 83
========================================================================
Received Import Request.
  Time since last request: 0.000029 seconds.
  path: Assets/Prefabs/Lemon.prefab
  artifactKey: Guid(5ab6f44d897d3cb458b783995e413bf6) Importer(815301076,1909f56bfc062723c751e8b465ee728b)
Number of updated assets reloaded before import = 0
Start importing Assets/Prefabs/Lemon.prefab using Guid(5ab6f44d897d3cb458b783995e413bf6) Importer(815301076,1909f56bfc062723c751e8b465ee728b)  -> (artifact id: '8cf1640b05b02d3b5997ff1d94beeed1') in 0.021920 seconds 
Number of asset objects unloaded after import = 83
========================================================================
Received Import Request.
  Time since last request: 4.800806 seconds.
  path: Assets/Prefabs/Kiwi.prefab
  artifactKey: Guid(daf5bf23bf88e9548bb88bb82234b4a0) Importer(815301076,1909f56bfc062723c751e8b465ee728b)
Number of updated assets reloaded before import = 0
Start importing Assets/Prefabs/Kiwi.prefab using Guid(daf5bf23bf88e9548bb88bb82234b4a0) Importer(815301076,1909f56bfc062723c751e8b465ee728b)  -> (artifact id: 'c378ad260dc5a7cf1ef9a3563fbe18bb') in 0.021559 seconds 
Number of asset objects unloaded after import = 83
========================================================================
Received Import Request.
  Time since last request: 0.000018 seconds.
  path: Assets/Prefabs/Watermelon.prefab
  artifactKey: Guid(7523a29481c3e774685a3fd6e720b0b8) Importer(815301076,1909f56bfc062723c751e8b465ee728b)
Number of updated assets reloaded before import = 0
Start importing Assets/Prefabs/Watermelon.prefab using Guid(7523a29481c3e774685a3fd6e720b0b8) Importer(815301076,1909f56bfc062723c751e8b465ee728b)  -> (artifact id: 'd30a3fe0341145508fafdbb1467ee3a6') in 0.024367 seconds 
Number of asset objects unloaded after import = 83
========================================================================
Received Import Request.
  Time since last request: 12.714557 seconds.
  path: Assets/Prefabs/Kiwi.prefab
  artifactKey: Guid(daf5bf23bf88e9548bb88bb82234b4a0) Importer(815301076,1909f56bfc062723c751e8b465ee728b)
Number of updated assets reloaded before import = 0
Start importing Assets/Prefabs/Kiwi.prefab using Guid(daf5bf23bf88e9548bb88bb82234b4a0) Importer(815301076,1909f56bfc062723c751e8b465ee728b)  -> (artifact id: '6ec17009fb63e85a6cf55b85ca9655a6') in 0.018502 seconds 
Number of asset objects unloaded after import = 83
========================================================================
Received Import Request.
  Time since last request: 0.000022 seconds.
  path: Assets/Prefabs/Lemon.prefab
  artifactKey: Guid(5ab6f44d897d3cb458b783995e413bf6) Importer(815301076,1909f56bfc062723c751e8b465ee728b)
Number of updated assets reloaded before import = 0
Start importing Assets/Prefabs/Lemon.prefab using Guid(5ab6f44d897d3cb458b783995e413bf6) Importer(815301076,1909f56bfc062723c751e8b465ee728b)  -> (artifact id: '1b4aa63ef7b427c72377deade4d3be4a') in 0.025065 seconds 
Number of asset objects unloaded after import = 83
========================================================================
Received Import Request.
  Time since last request: 4.583890 seconds.
  path: Assets/Prefabs/Kiwi.prefab
  artifactKey: Guid(daf5bf23bf88e9548bb88bb82234b4a0) Importer(815301076,1909f56bfc062723c751e8b465ee728b)
Number of updated assets reloaded before import = 0
Start importing Assets/Prefabs/Kiwi.prefab using Guid(daf5bf23bf88e9548bb88bb82234b4a0) Importer(815301076,1909f56bfc062723c751e8b465ee728b)  -> (artifact id: '6c33e9e7c5c3b356ecae0d40aff9cc40') in 0.021808 seconds 
Number of asset objects unloaded after import = 83
========================================================================
Received Import Request.
  Time since last request: 0.000018 seconds.
  path: Assets/Prefabs/Watermelon.prefab
  artifactKey: Guid(7523a29481c3e774685a3fd6e720b0b8) Importer(815301076,1909f56bfc062723c751e8b465ee728b)
Number of updated assets reloaded before import = 0
Start importing Assets/Prefabs/Watermelon.prefab using Guid(7523a29481c3e774685a3fd6e720b0b8) Importer(815301076,1909f56bfc062723c751e8b465ee728b)  -> (artifact id: '4fdd8befab6bb732e6083b77cbe2534f') in 0.020599 seconds 
Number of asset objects unloaded after import = 83
========================================================================
Received Import Request.
  Time since last request: 7.809774 seconds.
  path: Assets/Prefabs/Kiwi.prefab
  artifactKey: Guid(daf5bf23bf88e9548bb88bb82234b4a0) Importer(815301076,1909f56bfc062723c751e8b465ee728b)
Number of updated assets reloaded before import = 0
Start importing Assets/Prefabs/Kiwi.prefab using Guid(daf5bf23bf88e9548bb88bb82234b4a0) Importer(815301076,1909f56bfc062723c751e8b465ee728b)  -> (artifact id: '5eb7e3884c09fb08eaa32baaef339b5f') in 0.020054 seconds 
Number of asset objects unloaded after import = 83
========================================================================
Received Import Request.
  Time since last request: 0.000018 seconds.
  path: Assets/Prefabs/Watermelon.prefab
  artifactKey: Guid(7523a29481c3e774685a3fd6e720b0b8) Importer(815301076,1909f56bfc062723c751e8b465ee728b)
Number of updated assets reloaded before import = 0
Start importing Assets/Prefabs/Watermelon.prefab using Guid(7523a29481c3e774685a3fd6e720b0b8) Importer(815301076,1909f56bfc062723c751e8b465ee728b)  -> (artifact id: '7164aa2917dfabb89e74035f55a6614e') in 0.015968 seconds 
Number of asset objects unloaded after import = 83
========================================================================
Received Import Request.
  Time since last request: 3.204158 seconds.
  path: Assets/Prefabs/Kiwi.prefab
  artifactKey: Guid(daf5bf23bf88e9548bb88bb82234b4a0) Importer(815301076,1909f56bfc062723c751e8b465ee728b)
Number of updated assets reloaded before import = 0
Start importing Assets/Prefabs/Kiwi.prefab using Guid(daf5bf23bf88e9548bb88bb82234b4a0) Importer(815301076,1909f56bfc062723c751e8b465ee728b)  -> (artifact id: '786cb8c0545725c6a4550cf3423e1048') in 0.010657 seconds 
Number of asset objects unloaded after import = 83
========================================================================
Received Import Request.
  Time since last request: 0.000022 seconds.
  path: Assets/Prefabs/Lemon.prefab
  artifactKey: Guid(5ab6f44d897d3cb458b783995e413bf6) Importer(815301076,1909f56bfc062723c751e8b465ee728b)
Number of updated assets reloaded before import = 0
Start importing Assets/Prefabs/Lemon.prefab using Guid(5ab6f44d897d3cb458b783995e413bf6) Importer(815301076,1909f56bfc062723c751e8b465ee728b)  -> (artifact id: '7979b06a740f635afde9c636f852b698') in 0.010162 seconds 
Number of asset objects unloaded after import = 83
========================================================================
Received Import Request.
  Time since last request: 10.942775 seconds.
  path: Assets/Prefabs/Kiwi.prefab
  artifactKey: Guid(daf5bf23bf88e9548bb88bb82234b4a0) Importer(815301076,1909f56bfc062723c751e8b465ee728b)
Number of updated assets reloaded before import = 0
Start importing Assets/Prefabs/Kiwi.prefab using Guid(daf5bf23bf88e9548bb88bb82234b4a0) Importer(815301076,1909f56bfc062723c751e8b465ee728b)  -> (artifact id: '3c5646f23da5800d37a825e2659ce88b') in 0.020795 seconds 
Number of asset objects unloaded after import = 83
========================================================================
Received Import Request.
  Time since last request: 0.000018 seconds.
  path: Assets/Prefabs/Watermelon.prefab
  artifactKey: Guid(7523a29481c3e774685a3fd6e720b0b8) Importer(815301076,1909f56bfc062723c751e8b465ee728b)
Number of updated assets reloaded before import = 0
Start importing Assets/Prefabs/Watermelon.prefab using Guid(7523a29481c3e774685a3fd6e720b0b8) Importer(815301076,1909f56bfc062723c751e8b465ee728b)  -> (artifact id: 'fafb6b7c04ce91aff9d800f953c67967') in 0.023866 seconds 
Number of asset objects unloaded after import = 83
========================================================================
Received Import Request.
  Time since last request: 3.995426 seconds.
  path: Assets/Prefabs/Kiwi.prefab
  artifactKey: Guid(daf5bf23bf88e9548bb88bb82234b4a0) Importer(815301076,1909f56bfc062723c751e8b465ee728b)
Number of updated assets reloaded before import = 0
Start importing Assets/Prefabs/Kiwi.prefab using Guid(daf5bf23bf88e9548bb88bb82234b4a0) Importer(815301076,1909f56bfc062723c751e8b465ee728b)  -> (artifact id: 'b5093415372b7f2a7209a2d7efca331a') in 0.018749 seconds 
Number of asset objects unloaded after import = 83
========================================================================
Received Import Request.
  Time since last request: 0.000017 seconds.
  path: Assets/Prefabs/Orange.prefab
  artifactKey: Guid(a38a63b21b9417742b294b43a4294514) Importer(815301076,1909f56bfc062723c751e8b465ee728b)
Number of updated assets reloaded before import = 0
Start importing Assets/Prefabs/Orange.prefab using Guid(a38a63b21b9417742b294b43a4294514) Importer(815301076,1909f56bfc062723c751e8b465ee728b)  -> (artifact id: '3a8ead9977e5ba7e9a4f347bbd8ab1c5') in 0.012746 seconds 
Number of asset objects unloaded after import = 83
========================================================================
Received Import Request.
  Time since last request: 4.206367 seconds.
  path: Assets/Prefabs/Kiwi.prefab
  artifactKey: Guid(daf5bf23bf88e9548bb88bb82234b4a0) Importer(815301076,1909f56bfc062723c751e8b465ee728b)
Number of updated assets reloaded before import = 0
Start importing Assets/Prefabs/Kiwi.prefab using Guid(daf5bf23bf88e9548bb88bb82234b4a0) Importer(815301076,1909f56bfc062723c751e8b465ee728b)  -> (artifact id: 'fd594f899ead34aa3768e8f22ec80480') in 0.023881 seconds 
Number of asset objects unloaded after import = 83
========================================================================
Received Import Request.
  Time since last request: 0.000020 seconds.
  path: Assets/Prefabs/Lemon.prefab
  artifactKey: Guid(5ab6f44d897d3cb458b783995e413bf6) Importer(815301076,1909f56bfc062723c751e8b465ee728b)
Number of updated assets reloaded before import = 0
Start importing Assets/Prefabs/Lemon.prefab using Guid(5ab6f44d897d3cb458b783995e413bf6) Importer(815301076,1909f56bfc062723c751e8b465ee728b)  -> (artifact id: 'e8a51762ac5132caaa0eaef9c34853df') in 0.019131 seconds 
Number of asset objects unloaded after import = 83
========================================================================
Received Import Request.
  Time since last request: 11.859725 seconds.
  path: Assets/Prefabs/Kiwi.prefab
  artifactKey: Guid(daf5bf23bf88e9548bb88bb82234b4a0) Importer(815301076,1909f56bfc062723c751e8b465ee728b)
Number of updated assets reloaded before import = 0
Start importing Assets/Prefabs/Kiwi.prefab using Guid(daf5bf23bf88e9548bb88bb82234b4a0) Importer(815301076,1909f56bfc062723c751e8b465ee728b)  -> (artifact id: '32a387aef65bdf1eebe330c40ab543a9') in 0.024530 seconds 
Number of asset objects unloaded after import = 83
========================================================================
Received Import Request.
  Time since last request: 0.000019 seconds.
  path: Assets/Prefabs/Lemon.prefab
  artifactKey: Guid(5ab6f44d897d3cb458b783995e413bf6) Importer(815301076,1909f56bfc062723c751e8b465ee728b)
Number of updated assets reloaded before import = 0
Start importing Assets/Prefabs/Lemon.prefab using Guid(5ab6f44d897d3cb458b783995e413bf6) Importer(815301076,1909f56bfc062723c751e8b465ee728b)  -> (artifact id: '6d032bf58d431e804f9e3f1245920758') in 0.019131 seconds 
Number of asset objects unloaded after import = 83
========================================================================
Received Import Request.
  Time since last request: 41.260995 seconds.
  path: Assets/Prefabs/Kiwi.prefab
  artifactKey: Guid(daf5bf23bf88e9548bb88bb82234b4a0) Importer(815301076,1909f56bfc062723c751e8b465ee728b)
Number of updated assets reloaded before import = 0
Start importing Assets/Prefabs/Kiwi.prefab using Guid(daf5bf23bf88e9548bb88bb82234b4a0) Importer(815301076,1909f56bfc062723c751e8b465ee728b)  -> (artifact id: '6757afccd93d5324db3ce9b17a4181f3') in 0.018543 seconds 
Number of asset objects unloaded after import = 83
========================================================================
Received Import Request.
  Time since last request: 0.000019 seconds.
  path: Assets/Prefabs/Watermelon.prefab
  artifactKey: Guid(7523a29481c3e774685a3fd6e720b0b8) Importer(815301076,1909f56bfc062723c751e8b465ee728b)
Number of updated assets reloaded before import = 0
Start importing Assets/Prefabs/Watermelon.prefab using Guid(7523a29481c3e774685a3fd6e720b0b8) Importer(815301076,1909f56bfc062723c751e8b465ee728b)  -> (artifact id: '8837cffb3c7fcca331161b61a23a267f') in 0.014821 seconds 
Number of asset objects unloaded after import = 83
========================================================================
Received Import Request.
  Time since last request: 22.179562 seconds.
  path: Assets/Prefabs/Kiwi.prefab
  artifactKey: Guid(daf5bf23bf88e9548bb88bb82234b4a0) Importer(815301076,1909f56bfc062723c751e8b465ee728b)
Number of updated assets reloaded before import = 0
Start importing Assets/Prefabs/Kiwi.prefab using Guid(daf5bf23bf88e9548bb88bb82234b4a0) Importer(815301076,1909f56bfc062723c751e8b465ee728b)  -> (artifact id: 'bdd13e23912de94239adadddfc82482f') in 0.017002 seconds 
Number of asset objects unloaded after import = 83
========================================================================
Received Import Request.
  Time since last request: 0.000016 seconds.
  path: Assets/Prefabs/Lemon.prefab
  artifactKey: Guid(5ab6f44d897d3cb458b783995e413bf6) Importer(815301076,1909f56bfc062723c751e8b465ee728b)
Number of updated assets reloaded before import = 0
Start importing Assets/Prefabs/Lemon.prefab using Guid(5ab6f44d897d3cb458b783995e413bf6) Importer(815301076,1909f56bfc062723c751e8b465ee728b)  -> (artifact id: '94436454719167a256ed229e895590dd') in 0.020350 seconds 
Number of asset objects unloaded after import = 83
========================================================================
Received Import Request.
  Time since last request: 5.842917 seconds.
  path: Assets/Prefabs/Kiwi.prefab
  artifactKey: Guid(daf5bf23bf88e9548bb88bb82234b4a0) Importer(815301076,1909f56bfc062723c751e8b465ee728b)
Number of updated assets reloaded before import = 0
Start importing Assets/Prefabs/Kiwi.prefab using Guid(daf5bf23bf88e9548bb88bb82234b4a0) Importer(815301076,1909f56bfc062723c751e8b465ee728b)  -> (artifact id: 'e77deb7adeed3ba6d573327d798cf5fd') in 0.026212 seconds 
Number of asset objects unloaded after import = 83
========================================================================
Received Import Request.
  Time since last request: 0.000025 seconds.
  path: Assets/Prefabs/Lemon.prefab
  artifactKey: Guid(5ab6f44d897d3cb458b783995e413bf6) Importer(815301076,1909f56bfc062723c751e8b465ee728b)
Number of updated assets reloaded before import = 0
Start importing Assets/Prefabs/Lemon.prefab using Guid(5ab6f44d897d3cb458b783995e413bf6) Importer(815301076,1909f56bfc062723c751e8b465ee728b)  -> (artifact id: 'b012896957f12f468854de54c0e65a78') in 0.021705 seconds 
Number of asset objects unloaded after import = 83
========================================================================
Received Import Request.
  Time since last request: 4.184778 seconds.
  path: Assets/Prefabs/Kiwi.prefab
  artifactKey: Guid(daf5bf23bf88e9548bb88bb82234b4a0) Importer(815301076,1909f56bfc062723c751e8b465ee728b)
Number of updated assets reloaded before import = 0
Start importing Assets/Prefabs/Kiwi.prefab using Guid(daf5bf23bf88e9548bb88bb82234b4a0) Importer(815301076,1909f56bfc062723c751e8b465ee728b)  -> (artifact id: 'c3245211459fa0d560e8a332a6e3fddc') in 0.010431 seconds 
Number of asset objects unloaded after import = 83
========================================================================
Received Import Request.
  Time since last request: 0.000034 seconds.
  path: Assets/Prefabs/Lemon.prefab
  artifactKey: Guid(5ab6f44d897d3cb458b783995e413bf6) Importer(815301076,1909f56bfc062723c751e8b465ee728b)
Number of updated assets reloaded before import = 0
Start importing Assets/Prefabs/Lemon.prefab using Guid(5ab6f44d897d3cb458b783995e413bf6) Importer(815301076,1909f56bfc062723c751e8b465ee728b)  -> (artifact id: 'ba4eef523a337fe4e5cbf82b6d86d6e7') in 0.009368 seconds 
Number of asset objects unloaded after import = 83
========================================================================
Received Import Request.
  Time since last request: 2.201190 seconds.
  path: Assets/Prefabs/Kiwi.prefab
  artifactKey: Guid(daf5bf23bf88e9548bb88bb82234b4a0) Importer(815301076,1909f56bfc062723c751e8b465ee728b)
Number of updated assets reloaded before import = 0
Start importing Assets/Prefabs/Kiwi.prefab using Guid(daf5bf23bf88e9548bb88bb82234b4a0) Importer(815301076,1909f56bfc062723c751e8b465ee728b)  -> (artifact id: '82a48fbc8b70b8dcc55bdb24861b8df1') in 0.019035 seconds 
Number of asset objects unloaded after import = 83
========================================================================
Received Import Request.
  Time since last request: 0.000026 seconds.
  path: Assets/Prefabs/Watermelon.prefab
  artifactKey: Guid(7523a29481c3e774685a3fd6e720b0b8) Importer(815301076,1909f56bfc062723c751e8b465ee728b)
Number of updated assets reloaded before import = 0
Start importing Assets/Prefabs/Watermelon.prefab using Guid(7523a29481c3e774685a3fd6e720b0b8) Importer(815301076,1909f56bfc062723c751e8b465ee728b)  -> (artifact id: 'a7bbb733923013cf67a975b0325a2784') in 0.017427 seconds 
Number of asset objects unloaded after import = 83
========================================================================
Received Import Request.
  Time since last request: 20.721468 seconds.
  path: Assets/Prefabs/Kiwi.prefab
  artifactKey: Guid(daf5bf23bf88e9548bb88bb82234b4a0) Importer(815301076,1909f56bfc062723c751e8b465ee728b)
Number of updated assets reloaded before import = 0
Start importing Assets/Prefabs/Kiwi.prefab using Guid(daf5bf23bf88e9548bb88bb82234b4a0) Importer(815301076,1909f56bfc062723c751e8b465ee728b)  -> (artifact id: 'dd1ee89256e0f794ac12e3d7bccf1767') in 0.019431 seconds 
Number of asset objects unloaded after import = 83
========================================================================
Received Import Request.
  Time since last request: 0.000017 seconds.
  path: Assets/Prefabs/Watermelon.prefab
  artifactKey: Guid(7523a29481c3e774685a3fd6e720b0b8) Importer(815301076,1909f56bfc062723c751e8b465ee728b)
Number of updated assets reloaded before import = 0
Start importing Assets/Prefabs/Watermelon.prefab using Guid(7523a29481c3e774685a3fd6e720b0b8) Importer(815301076,1909f56bfc062723c751e8b465ee728b)  -> (artifact id: '205894fbae821176c01675924a1e7fb0') in 0.023395 seconds 
Number of asset objects unloaded after import = 83
========================================================================
Received Import Request.
  Time since last request: 7.892302 seconds.
  path: Assets/Prefabs/Kiwi.prefab
  artifactKey: Guid(daf5bf23bf88e9548bb88bb82234b4a0) Importer(815301076,1909f56bfc062723c751e8b465ee728b)
Number of updated assets reloaded before import = 0
Start importing Assets/Prefabs/Kiwi.prefab using Guid(daf5bf23bf88e9548bb88bb82234b4a0) Importer(815301076,1909f56bfc062723c751e8b465ee728b)  -> (artifact id: 'e301bc184e4ffcd6acb77ac9c9f48134') in 0.010462 seconds 
Number of asset objects unloaded after import = 83
========================================================================
Received Import Request.
  Time since last request: 0.000014 seconds.
  path: Assets/Prefabs/Lemon.prefab
  artifactKey: Guid(5ab6f44d897d3cb458b783995e413bf6) Importer(815301076,1909f56bfc062723c751e8b465ee728b)
Number of updated assets reloaded before import = 0
Start importing Assets/Prefabs/Lemon.prefab using Guid(5ab6f44d897d3cb458b783995e413bf6) Importer(815301076,1909f56bfc062723c751e8b465ee728b)  -> (artifact id: '867a88d56ad1d55fd8732ba539194114') in 0.011174 seconds 
Number of asset objects unloaded after import = 83
========================================================================
Received Import Request.
  Time since last request: 20.031770 seconds.
  path: Assets/Prefabs/Kiwi.prefab
  artifactKey: Guid(daf5bf23bf88e9548bb88bb82234b4a0) Importer(815301076,1909f56bfc062723c751e8b465ee728b)
Number of updated assets reloaded before import = 0
Start importing Assets/Prefabs/Kiwi.prefab using Guid(daf5bf23bf88e9548bb88bb82234b4a0) Importer(815301076,1909f56bfc062723c751e8b465ee728b)  -> (artifact id: '65b7d81f755dee68148b24eba44518aa') in 0.014925 seconds 
Number of asset objects unloaded after import = 83
========================================================================
Received Import Request.
  Time since last request: 0.000026 seconds.
  path: Assets/Prefabs/Watermelon.prefab
  artifactKey: Guid(7523a29481c3e774685a3fd6e720b0b8) Importer(815301076,1909f56bfc062723c751e8b465ee728b)
Number of updated assets reloaded before import = 0
Start importing Assets/Prefabs/Watermelon.prefab using Guid(7523a29481c3e774685a3fd6e720b0b8) Importer(815301076,1909f56bfc062723c751e8b465ee728b)  -> (artifact id: 'dd3be3fa55682428f7f413682cb5a699') in 0.010509 seconds 
Number of asset objects unloaded after import = 83
========================================================================
Received Import Request.
  Time since last request: 48.934042 seconds.
  path: Assets/Prefabs/Kiwi.prefab
  artifactKey: Guid(daf5bf23bf88e9548bb88bb82234b4a0) Importer(815301076,1909f56bfc062723c751e8b465ee728b)
Number of updated assets reloaded before import = 0
Start importing Assets/Prefabs/Kiwi.prefab using Guid(daf5bf23bf88e9548bb88bb82234b4a0) Importer(815301076,1909f56bfc062723c751e8b465ee728b)  -> (artifact id: '80012487f552a37b96124ed67fe2cdc3') in 0.010455 seconds 
Number of asset objects unloaded after import = 83
========================================================================
Received Import Request.
  Time since last request: 0.000020 seconds.
  path: Assets/Prefabs/Watermelon.prefab
  artifactKey: Guid(7523a29481c3e774685a3fd6e720b0b8) Importer(815301076,1909f56bfc062723c751e8b465ee728b)
Number of updated assets reloaded before import = 0
Start importing Assets/Prefabs/Watermelon.prefab using Guid(7523a29481c3e774685a3fd6e720b0b8) Importer(815301076,1909f56bfc062723c751e8b465ee728b)  -> (artifact id: 'f79b48274df387818d6e862156c1404f') in 0.016924 seconds 
Number of asset objects unloaded after import = 83
========================================================================
Received Import Request.
  Time since last request: 23.804660 seconds.
  path: Assets/Prefabs/Kiwi.prefab
  artifactKey: Guid(daf5bf23bf88e9548bb88bb82234b4a0) Importer(815301076,1909f56bfc062723c751e8b465ee728b)
Number of updated assets reloaded before import = 0
Start importing Assets/Prefabs/Kiwi.prefab using Guid(daf5bf23bf88e9548bb88bb82234b4a0) Importer(815301076,1909f56bfc062723c751e8b465ee728b)  -> (artifact id: '1043661a5eacc115e82afeaf6135c09b') in 0.067074 seconds 
Number of asset objects unloaded after import = 83
========================================================================
Received Import Request.
  Time since last request: 0.000020 seconds.
  path: Assets/Prefabs/Lemon.prefab
  artifactKey: Guid(5ab6f44d897d3cb458b783995e413bf6) Importer(815301076,1909f56bfc062723c751e8b465ee728b)
Number of updated assets reloaded before import = 0
Start importing Assets/Prefabs/Lemon.prefab using Guid(5ab6f44d897d3cb458b783995e413bf6) Importer(815301076,1909f56bfc062723c751e8b465ee728b)  -> (artifact id: '0d27d0a570f4893efc57b3c620aa2e9c') in 0.009614 seconds 
Number of asset objects unloaded after import = 83
========================================================================
Received Import Request.
  Time since last request: 91.473698 seconds.
  path: Assets/Prefabs/Fruit_Base.prefab
  artifactKey: Guid(d4f7f6d508ec9a541a4db75b029de25f) Importer(815301076,1909f56bfc062723c751e8b465ee728b)
Number of updated assets reloaded before import = 0
Start importing Assets/Prefabs/Fruit_Base.prefab using Guid(d4f7f6d508ec9a541a4db75b029de25f) Importer(815301076,1909f56bfc062723c751e8b465ee728b)  -> (artifact id: '156f06e4c32f4629d47781227369f9b4') in 0.011328 seconds 
Number of asset objects unloaded after import = 53
========================================================================
Received Import Request.
  Time since last request: 0.000028 seconds.
  path: Assets/Prefabs/Orange.prefab
  artifactKey: Guid(a38a63b21b9417742b294b43a4294514) Importer(815301076,1909f56bfc062723c751e8b465ee728b)
Number of updated assets reloaded before import = 0
Start importing Assets/Prefabs/Orange.prefab using Guid(a38a63b21b9417742b294b43a4294514) Importer(815301076,1909f56bfc062723c751e8b465ee728b)  -> (artifact id: '774541bc1187a6d6bf39379bed41758b') in 0.010072 seconds 
Number of asset objects unloaded after import = 84
========================================================================
Received Import Request.
  Time since last request: 0.000022 seconds.
  path: Assets/Prefabs/Lemon.prefab
  artifactKey: Guid(5ab6f44d897d3cb458b783995e413bf6) Importer(815301076,1909f56bfc062723c751e8b465ee728b)
Number of updated assets reloaded before import = 0
Start importing Assets/Prefabs/Lemon.prefab using Guid(5ab6f44d897d3cb458b783995e413bf6) Importer(815301076,1909f56bfc062723c751e8b465ee728b)  -> (artifact id: '6c085abefb773a49ea96e4bede8da793') in 0.013356 seconds 
Number of asset objects unloaded after import = 84
Editor requested this worker to shutdown with reason: Scaling down because of idle timeout
AssetImportWorker is now disconnected from the server
Process exiting
Exiting without the bug reporter. Application will terminate with return code 0